# JRE version: Java(TM) SE Runtime Environment (8.0_221-b11) (build 1.8.0_221-b11)
# Java VM: Java HotSpot(TM) 64-Bit Server VM (25.221-b11 mixed mode windows-amd64 compressed oops)
Heap:
 PSYoungGen      total 122368K, used 41397K [0x00000000f5580000, 0x0000000100000000, 0x0000000100000000)
  eden space 111104K, 37% used [0x00000000f5580000,0x00000000f7ded5e0,0x00000000fc200000)
  from space 11264K, 0% used [0x00000000fc200000,0x00000000fc200000,0x00000000fcd00000)
  to   space 12288K, 0% used [0x00000000ff400000,0x00000000ff400000,0x0000000100000000)
 ParOldGen       total 82944K, used 17475K [0x00000000e0000000, 0x00000000e5100000, 0x00000000f5580000)
  object space 82944K, 21% used [0x00000000e0000000,0x00000000e1110e38,0x00000000e5100000)
 Metaspace       used 37538K, capacity 38352K, committed 38400K, reserved 1081344K
  class space    used 5420K, capacity 5628K, committed 5632K, reserved 1048576K
GC Heap History (10 events):
Event: 4.862 GC heap before
{Heap before GC invocations=7 (full 1):
 PSYoungGen      total 76288K, used 5951K [0x00000000f5580000, 0x00000000faa80000, 0x0000000100000000)
  eden space 66560K, 0% used [0x00000000f5580000,0x00000000f5580000,0x00000000f9680000)
  from space 9728K, 61% used [0x00000000fa100000,0x00000000fa6cfe48,0x00000000faa80000)
  to   space 10240K, 0% used [0x00000000f9680000,0x00000000f9680000,0x00000000fa080000)
 ParOldGen       total 87552K, used 8881K [0x00000000e0000000, 0x00000000e5580000, 0x00000000f5580000)
  object space 87552K, 10% used [0x00000000e0000000,0x00000000e08ac578,0x00000000e5580000)
 Metaspace       used 20593K, capacity 21030K, committed 21296K, reserved 1067008K
  class space    used 2929K, capacity 3096K, committed 3200K, reserved 1048576K
Event: 4.910 GC heap after
Heap after GC invocations=7 (full 1):
 PSYoungGen      total 76288K, used 0K [0x00000000f5580000, 0x00000000faa80000, 0x0000000100000000)
  eden space 66560K, 0% used [0x00000000f5580000,0x00000000f5580000,0x00000000f9680000)
  from space 9728K, 0% used [0x00000000fa100000,0x00000000fa100000,0x00000000faa80000)
  to   space 10240K, 0% used [0x00000000f9680000,0x00000000f9680000,0x00000000fa080000)
 ParOldGen       total 54272K, used 7225K [0x00000000e0000000, 0x00000000e3500000, 0x00000000f5580000)
  object space 54272K, 13% used [0x00000000e0000000,0x00000000e070e590,0x00000000e3500000)
 Metaspace       used 20593K, capacity 21030K, committed 21296K, reserved 1067008K
  class space    used 2929K, capacity 3096K, committed 3200K, reserved 1048576K
}
Event: 7.245 GC heap before
{Heap before GC invocations=8 (full 1):
 PSYoungGen      total 76288K, used 66560K [0x00000000f5580000, 0x00000000faa80000, 0x0000000100000000)
  eden space 66560K, 100% used [0x00000000f5580000,0x00000000f9680000,0x00000000f9680000)
  from space 9728K, 0% used [0x00000000fa100000,0x00000000fa100000,0x00000000faa80000)
  to   space 10240K, 0% used [0x00000000f9680000,0x00000000f9680000,0x00000000fa080000)
 ParOldGen       total 54272K, used 7225K [0x00000000e0000000, 0x00000000e3500000, 0x00000000f5580000)
  object space 54272K, 13% used [0x00000000e0000000,0x00000000e070e590,0x00000000e3500000)
 Metaspace       used 27700K, capacity 28170K, committed 28416K, reserved 1073152K
  class space    used 3845K, capacity 4002K, committed 4096K, reserved 1048576K
Event: 7.259 GC heap after
Heap after GC invocations=8 (full 1):
 PSYoungGen      total 76800K, used 7011K [0x00000000f5580000, 0x00000000fd800000, 0x0000000100000000)
  eden space 66560K, 0% used [0x00000000f5580000,0x00000000f5580000,0x00000000f9680000)
  from space 10240K, 68% used [0x00000000f9680000,0x00000000f9d58f90,0x00000000fa080000)
  to   space 10240K, 0% used [0x00000000fce00000,0x00000000fce00000,0x00000000fd800000)
 ParOldGen       total 54272K, used 7233K [0x00000000e0000000, 0x00000000e3500000, 0x00000000f5580000)
  object space 54272K, 13% used [0x00000000e0000000,0x00000000e0710590,0x00000000e3500000)
 Metaspace       used 27700K, capacity 28170K, committed 28416K, reserved 1073152K
  class space    used 3845K, capacity 4002K, committed 4096K, reserved 1048576K
}
Event: 8.503 GC heap before
{Heap before GC invocations=9 (full 1):
 PSYoungGen      total 76800K, used 73571K [0x00000000f5580000, 0x00000000fd800000, 0x0000000100000000)
  eden space 66560K, 100% used [0x00000000f5580000,0x00000000f9680000,0x00000000f9680000)
  from space 10240K, 68% used [0x00000000f9680000,0x00000000f9d58f90,0x00000000fa080000)
  to   space 10240K, 0% used [0x00000000fce00000,0x00000000fce00000,0x00000000fd800000)
 ParOldGen       total 54272K, used 7233K [0x00000000e0000000, 0x00000000e3500000, 0x00000000f5580000)
  object space 54272K, 13% used [0x00000000e0000000,0x00000000e0710590,0x00000000e3500000)
 Metaspace       used 31848K, capacity 32514K, committed 32896K, reserved 1077248K
  class space    used 4500K, capacity 4680K, committed 4736K, reserved 1048576K
Event: 8.516 GC heap after
Heap after GC invocations=9 (full 1):
 PSYoungGen      total 121344K, used 9957K [0x00000000f5580000, 0x00000000fd800000, 0x0000000100000000)
  eden space 111104K, 0% used [0x00000000f5580000,0x00000000f5580000,0x00000000fc200000)
  from space 10240K, 97% used [0x00000000fce00000,0x00000000fd7b9730,0x00000000fd800000)
  to   space 11264K, 0% used [0x00000000fc200000,0x00000000fc200000,0x00000000fcd00000)
 ParOldGen       total 54272K, used 7241K [0x00000000e0000000, 0x00000000e3500000, 0x00000000f5580000)
  object space 54272K, 13% used [0x00000000e0000000,0x00000000e0712590,0x00000000e3500000)
 Metaspace       used 31848K, capacity 32514K, committed 32896K, reserved 1077248K
  class space    used 4500K, capacity 4680K, committed 4736K, reserved 1048576K
}
Event: 9.373 GC heap before
{Heap before GC invocations=10 (full 1):
 PSYoungGen      total 121344K, used 71974K [0x00000000f5580000, 0x00000000fd800000, 0x0000000100000000)
  eden space 111104K, 55% used [0x00000000f5580000,0x00000000f9210258,0x00000000fc200000)
  from space 10240K, 97% used [0x00000000fce00000,0x00000000fd7b9730,0x00000000fd800000)
  to   space 11264K, 0% used [0x00000000fc200000,0x00000000fc200000,0x00000000fcd00000)
 ParOldGen       total 54272K, used 7241K [0x00000000e0000000, 0x00000000e3500000, 0x00000000f5580000)
  object space 54272K, 13% used [0x00000000e0000000,0x00000000e0712590,0x00000000e3500000)
 Metaspace       used 34742K, capacity 35358K, committed 35496K, reserved 1079296K
  class space    used 4944K, capacity 5102K, committed 5120K, reserved 1048576K
Event: 9.404 GC heap after
Heap after GC invocations=10 (full 1):
 PSYoungGen      total 122368K, used 10873K [0x00000000f5580000, 0x0000000100000000, 0x0000000100000000)
  eden space 111104K, 0% used [0x00000000f5580000,0x00000000f5580000,0x00000000fc200000)
  from space 11264K, 96% used [0x00000000fc200000,0x00000000fcc9e5d0,0x00000000fcd00000)
  to   space 12288K, 0% used [0x00000000ff400000,0x00000000ff400000,0x0000000100000000)
 ParOldGen       total 54272K, used 7249K [0x00000000e0000000, 0x00000000e3500000, 0x00000000f5580000)
  object space 54272K, 13% used [0x00000000e0000000,0x00000000e0714590,0x00000000e3500000)
 Metaspace       used 34742K, capacity 35358K, committed 35496K, reserved 1079296K
  class space    used 4944K, capacity 5102K, committed 5120K, reserved 1048576K
}
Event: 9.404 GC heap before
{Heap before GC invocations=11 (full 2):
 PSYoungGen      total 122368K, used 10873K [0x00000000f5580000, 0x0000000100000000, 0x0000000100000000)
  eden space 111104K, 0% used [0x00000000f5580000,0x00000000f5580000,0x00000000fc200000)
  from space 11264K, 96% used [0x00000000fc200000,0x00000000fcc9e5d0,0x00000000fcd00000)
  to   space 12288K, 0% used [0x00000000ff400000,0x00000000ff400000,0x0000000100000000)
 ParOldGen       total 54272K, used 7249K [0x00000000e0000000, 0x00000000e3500000, 0x00000000f5580000)
  object space 54272K, 13% used [0x00000000e0000000,0x00000000e0714590,0x00000000e3500000)
 Metaspace       used 34742K, capacity 35358K, committed 35496K, reserved 1079296K
  class space    used 4944K, capacity 5102K, committed 5120K, reserved 1048576K
Event: 9.528 GC heap after
Heap after GC invocations=11 (full 2):
 PSYoungGen      total 122368K, used 0K [0x00000000f5580000, 0x0000000100000000, 0x0000000100000000)
  eden space 111104K, 0% used [0x00000000f5580000,0x00000000f5580000,0x00000000fc200000)
  from space 11264K, 0% used [0x00000000fc200000,0x00000000fc200000,0x00000000fcd00000)
  to   space 12288K, 0% used [0x00000000ff400000,0x00000000ff400000,0x0000000100000000)
 ParOldGen       total 82944K, used 17475K [0x00000000e0000000, 0x00000000e5100000, 0x00000000f5580000)
  object space 82944K, 21% used [0x00000000e0000000,0x00000000e1110e38,0x00000000e5100000)
 Metaspace       used 34742K, capacity 35358K, committed 35496K, reserved 1079296K
  class space    used 4944K, capacity 5102K, committed 5120K, reserved 1048576K
}

