# JRE version: Java(TM) SE Runtime Environment (8.0_221-b11) (build 1.8.0_221-b11)
# Java VM: Java HotSpot(TM) 64-Bit Server VM (25.221-b11 mixed mode windows-amd64 compressed oops)
Heap:
 PSYoungGen      total 126464K, used 4307K [0x00000000f5580000, 0x0000000100000000, 0x0000000100000000)
  eden space 114688K, 3% used [0x00000000f5580000,0x00000000f59b4dd0,0x00000000fc580000)
  from space 11776K, 0% used [0x00000000fc580000,0x00000000fc580000,0x00000000fd100000)
  to   space 11776K, 0% used [0x00000000ff480000,0x00000000ff480000,0x0000000100000000)
 ParOldGen       total 75264K, used 14408K [0x00000000e0000000, 0x00000000e4980000, 0x00000000f5580000)
  object space 75264K, 19% used [0x00000000e0000000,0x00000000e0e12358,0x00000000e4980000)
 Metaspace       used 34842K, capacity 35248K, committed 35712K, reserved 1079296K
  class space    used 4735K, capacity 4875K, committed 4992K, reserved 1048576K
GC Heap History (10 events):
Event: 6.119 GC heap before
{Heap before GC invocations=7 (full 1):
 PSYoungGen      total 76800K, used 5925K [0x00000000f5580000, 0x00000000faa80000, 0x0000000100000000)
  eden space 66560K, 0% used [0x00000000f5580000,0x00000000f5580000,0x00000000f9680000)
  from space 10240K, 57% used [0x00000000fa080000,0x00000000fa6497c8,0x00000000faa80000)
  to   space 10240K, 0% used [0x00000000f9680000,0x00000000f9680000,0x00000000fa080000)
 ParOldGen       total 87552K, used 8440K [0x00000000e0000000, 0x00000000e5580000, 0x00000000f5580000)
  object space 87552K, 9% used [0x00000000e0000000,0x00000000e083e210,0x00000000e5580000)
 Metaspace       used 20701K, capacity 21118K, committed 21296K, reserved 1067008K
  class space    used 2986K, capacity 3163K, committed 3200K, reserved 1048576K
Event: 6.168 GC heap after
Heap after GC invocations=7 (full 1):
 PSYoungGen      total 76800K, used 0K [0x00000000f5580000, 0x00000000faa80000, 0x0000000100000000)
  eden space 66560K, 0% used [0x00000000f5580000,0x00000000f5580000,0x00000000f9680000)
  from space 10240K, 0% used [0x00000000fa080000,0x00000000fa080000,0x00000000faa80000)
  to   space 10240K, 0% used [0x00000000f9680000,0x00000000f9680000,0x00000000fa080000)
 ParOldGen       total 52736K, used 6881K [0x00000000e0000000, 0x00000000e3380000, 0x00000000f5580000)
  object space 52736K, 13% used [0x00000000e0000000,0x00000000e06b85b8,0x00000000e3380000)
 Metaspace       used 20701K, capacity 21118K, committed 21296K, reserved 1067008K
  class space    used 2986K, capacity 3163K, committed 3200K, reserved 1048576K
}
Event: 7.719 GC heap before
{Heap before GC invocations=8 (full 1):
 PSYoungGen      total 76800K, used 66560K [0x00000000f5580000, 0x00000000faa80000, 0x0000000100000000)
  eden space 66560K, 100% used [0x00000000f5580000,0x00000000f9680000,0x00000000f9680000)
  from space 10240K, 0% used [0x00000000fa080000,0x00000000fa080000,0x00000000faa80000)
  to   space 10240K, 0% used [0x00000000f9680000,0x00000000f9680000,0x00000000fa080000)
 ParOldGen       total 52736K, used 6881K [0x00000000e0000000, 0x00000000e3380000, 0x00000000f5580000)
  object space 52736K, 13% used [0x00000000e0000000,0x00000000e06b85b8,0x00000000e3380000)
 Metaspace       used 29136K, capacity 29548K, committed 29952K, reserved 1075200K
  class space    used 3841K, capacity 3983K, committed 4096K, reserved 1048576K
Event: 7.735 GC heap after
Heap after GC invocations=8 (full 1):
 PSYoungGen      total 76800K, used 8891K [0x00000000f5580000, 0x00000000fdc00000, 0x0000000100000000)
  eden space 66560K, 0% used [0x00000000f5580000,0x00000000f5580000,0x00000000f9680000)
  from space 10240K, 86% used [0x00000000f9680000,0x00000000f9f2ee98,0x00000000fa080000)
  to   space 10752K, 0% used [0x00000000fd180000,0x00000000fd180000,0x00000000fdc00000)
 ParOldGen       total 52736K, used 6889K [0x00000000e0000000, 0x00000000e3380000, 0x00000000f5580000)
  object space 52736K, 13% used [0x00000000e0000000,0x00000000e06ba5b8,0x00000000e3380000)
 Metaspace       used 29136K, capacity 29548K, committed 29952K, reserved 1075200K
  class space    used 3841K, capacity 3983K, committed 4096K, reserved 1048576K
}
Event: 9.177 GC heap before
{Heap before GC invocations=9 (full 1):
 PSYoungGen      total 76800K, used 75451K [0x00000000f5580000, 0x00000000fdc00000, 0x0000000100000000)
  eden space 66560K, 100% used [0x00000000f5580000,0x00000000f9680000,0x00000000f9680000)
  from space 10240K, 86% used [0x00000000f9680000,0x00000000f9f2ee98,0x00000000fa080000)
  to   space 10752K, 0% used [0x00000000fd180000,0x00000000fd180000,0x00000000fdc00000)
 ParOldGen       total 52736K, used 6889K [0x00000000e0000000, 0x00000000e3380000, 0x00000000f5580000)
  object space 52736K, 13% used [0x00000000e0000000,0x00000000e06ba5b8,0x00000000e3380000)
 Metaspace       used 33503K, capacity 34054K, committed 34432K, reserved 1079296K
  class space    used 4508K, capacity 4713K, committed 4736K, reserved 1048576K
Event: 9.195 GC heap after
Heap after GC invocations=9 (full 1):
 PSYoungGen      total 125440K, used 10161K [0x00000000f5580000, 0x00000000fdc80000, 0x0000000100000000)
  eden space 114688K, 0% used [0x00000000f5580000,0x00000000f5580000,0x00000000fc580000)
  from space 10752K, 94% used [0x00000000fd180000,0x00000000fdb6c478,0x00000000fdc00000)
  to   space 11776K, 0% used [0x00000000fc580000,0x00000000fc580000,0x00000000fd100000)
 ParOldGen       total 52736K, used 6897K [0x00000000e0000000, 0x00000000e3380000, 0x00000000f5580000)
  object space 52736K, 13% used [0x00000000e0000000,0x00000000e06bc5b8,0x00000000e3380000)
 Metaspace       used 33503K, capacity 34054K, committed 34432K, reserved 1079296K
  class space    used 4508K, capacity 4713K, committed 4736K, reserved 1048576K
}
Event: 9.583 GC heap before
{Heap before GC invocations=10 (full 1):
 PSYoungGen      total 125440K, used 32482K [0x00000000f5580000, 0x00000000fdc80000, 0x0000000100000000)
  eden space 114688K, 19% used [0x00000000f5580000,0x00000000f6b4c680,0x00000000fc580000)
  from space 10752K, 94% used [0x00000000fd180000,0x00000000fdb6c478,0x00000000fdc00000)
  to   space 11776K, 0% used [0x00000000fc580000,0x00000000fc580000,0x00000000fd100000)
 ParOldGen       total 52736K, used 6897K [0x00000000e0000000, 0x00000000e3380000, 0x00000000f5580000)
  object space 52736K, 13% used [0x00000000e0000000,0x00000000e06bc5b8,0x00000000e3380000)
 Metaspace       used 34712K, capacity 35156K, committed 35456K, reserved 1079296K
  class space    used 4713K, capacity 4887K, committed 4992K, reserved 1048576K
Event: 9.597 GC heap after
Heap after GC invocations=10 (full 1):
 PSYoungGen      total 126464K, used 8759K [0x00000000f5580000, 0x0000000100000000, 0x0000000100000000)
  eden space 114688K, 0% used [0x00000000f5580000,0x00000000f5580000,0x00000000fc580000)
  from space 11776K, 74% used [0x00000000fc580000,0x00000000fce0dc70,0x00000000fd100000)
  to   space 11776K, 0% used [0x00000000ff480000,0x00000000ff480000,0x0000000100000000)
 ParOldGen       total 52736K, used 6905K [0x00000000e0000000, 0x00000000e3380000, 0x00000000f5580000)
  object space 52736K, 13% used [0x00000000e0000000,0x00000000e06be5b8,0x00000000e3380000)
 Metaspace       used 34712K, capacity 35156K, committed 35456K, reserved 1079296K
  class space    used 4713K, capacity 4887K, committed 4992K, reserved 1048576K
}
Event: 9.597 GC heap before
{Heap before GC invocations=11 (full 2):
 PSYoungGen      total 126464K, used 8759K [0x00000000f5580000, 0x0000000100000000, 0x0000000100000000)
  eden space 114688K, 0% used [0x00000000f5580000,0x00000000f5580000,0x00000000fc580000)
  from space 11776K, 74% used [0x00000000fc580000,0x00000000fce0dc70,0x00000000fd100000)
  to   space 11776K, 0% used [0x00000000ff480000,0x00000000ff480000,0x0000000100000000)
 ParOldGen       total 52736K, used 6905K [0x00000000e0000000, 0x00000000e3380000, 0x00000000f5580000)
  object space 52736K, 13% used [0x00000000e0000000,0x00000000e06be5b8,0x00000000e3380000)
 Metaspace       used 34712K, capacity 35156K, committed 35456K, reserved 1079296K
  class space    used 4713K, capacity 4887K, committed 4992K, reserved 1048576K
Event: 9.668 GC heap after
Heap after GC invocations=11 (full 2):
 PSYoungGen      total 126464K, used 0K [0x00000000f5580000, 0x0000000100000000, 0x0000000100000000)
  eden space 114688K, 0% used [0x00000000f5580000,0x00000000f5580000,0x00000000fc580000)
  from space 11776K, 0% used [0x00000000fc580000,0x00000000fc580000,0x00000000fd100000)
  to   space 11776K, 0% used [0x00000000ff480000,0x00000000ff480000,0x0000000100000000)
 ParOldGen       total 75264K, used 14408K [0x00000000e0000000, 0x00000000e4980000, 0x00000000f5580000)
  object space 75264K, 19% used [0x00000000e0000000,0x00000000e0e12358,0x00000000e4980000)
 Metaspace       used 34628K, capacity 35024K, committed 35456K, reserved 1079296K
  class space    used 4694K, capacity 4843K, committed 4992K, reserved 1048576K
}

